<?xml version="1.0" encoding="UTF-8"?>
<testsuite xmlns:xsi="http://www.w3.org/2001/XMLSchema-instance" xsi:noNamespaceSchemaLocation="https://maven.apache.org/surefire/maven-surefire-plugin/xsd/surefire-test-report.xsd" name="com.selenide.AppTest" time="17.234" tests="1" errors="0" skipped="0" failures="0">
  <properties>
    <property name="sun.desktop" value="gnome"/>
    <property name="awt.toolkit" value="sun.awt.X11.XToolkit"/>
    <property name="file.encoding.pkg" value="sun.io"/>
    <property name="java.specification.version" value="1.8"/>
    <property name="sun.cpu.isalist" value=""/>
    <property name="sun.jnu.encoding" value="UTF-8"/>
    <property name="java.class.path" value="/home/shavantha/products/selenideTest/target/test-classes:/home/shavantha/products/selenideTest/target/classes:/home/shavantha/.m2/repository/com/codeborne/selenide/4.12.0/selenide-4.12.0.jar:/home/shavantha/.m2/repository/org/seleniumhq/selenium/selenium-java/3.12.0/selenium-java-3.12.0.jar:/home/shavantha/.m2/repository/org/seleniumhq/selenium/selenium-api/3.12.0/selenium-api-3.12.0.jar:/home/shavantha/.m2/repository/org/seleniumhq/selenium/selenium-chrome-driver/3.12.0/selenium-chrome-driver-3.12.0.jar:/home/shavantha/.m2/repository/org/seleniumhq/selenium/selenium-edge-driver/3.12.0/selenium-edge-driver-3.12.0.jar:/home/shavantha/.m2/repository/org/seleniumhq/selenium/selenium-firefox-driver/3.12.0/selenium-firefox-driver-3.12.0.jar:/home/shavantha/.m2/repository/org/seleniumhq/selenium/selenium-ie-driver/3.12.0/selenium-ie-driver-3.12.0.jar:/home/shavantha/.m2/repository/org/seleniumhq/selenium/selenium-opera-driver/3.12.0/selenium-opera-driver-3.12.0.jar:/home/shavantha/.m2/repository/org/seleniumhq/selenium/selenium-remote-driver/3.12.0/selenium-remote-driver-3.12.0.jar:/home/shavantha/.m2/repository/org/seleniumhq/selenium/selenium-safari-driver/3.12.0/selenium-safari-driver-3.12.0.jar:/home/shavantha/.m2/repository/org/seleniumhq/selenium/selenium-support/3.12.0/selenium-support-3.12.0.jar:/home/shavantha/.m2/repository/net/bytebuddy/byte-buddy/1.8.3/byte-buddy-1.8.3.jar:/home/shavantha/.m2/repository/org/apache/commons/commons-exec/1.3/commons-exec-1.3.jar:/home/shavantha/.m2/repository/commons-codec/commons-codec/1.10/commons-codec-1.10.jar:/home/shavantha/.m2/repository/commons-logging/commons-logging/1.2/commons-logging-1.2.jar:/home/shavantha/.m2/repository/com/google/code/gson/gson/2.8.2/gson-2.8.2.jar:/home/shavantha/.m2/repository/com/google/guava/guava/23.6-jre/guava-23.6-jre.jar:/home/shavantha/.m2/repository/com/google/code/findbugs/jsr305/1.3.9/jsr305-1.3.9.jar:/home/shavantha/.m2/repository/org/checkerframework/checker-compat-qual/2.0.0/checker-compat-qual-2.0.0.jar:/home/shavantha/.m2/repository/com/google/errorprone/error_prone_annotations/2.1.3/error_prone_annotations-2.1.3.jar:/home/shavantha/.m2/repository/com/google/j2objc/j2objc-annotations/1.1/j2objc-annotations-1.1.jar:/home/shavantha/.m2/repository/org/codehaus/mojo/animal-sniffer-annotations/1.14/animal-sniffer-annotations-1.14.jar:/home/shavantha/.m2/repository/org/apache/httpcomponents/httpclient/4.5.3/httpclient-4.5.3.jar:/home/shavantha/.m2/repository/org/apache/httpcomponents/httpcore/4.4.6/httpcore-4.4.6.jar:/home/shavantha/.m2/repository/com/squareup/okhttp3/okhttp/3.9.1/okhttp-3.9.1.jar:/home/shavantha/.m2/repository/com/squareup/okio/okio/1.13.0/okio-1.13.0.jar:/home/shavantha/.m2/repository/io/github/bonigarcia/webdrivermanager/2.2.1/webdrivermanager-2.2.1.jar:/home/shavantha/.m2/repository/org/slf4j/slf4j-api/1.7.24/slf4j-api-1.7.24.jar:/home/shavantha/.m2/repository/commons-io/commons-io/2.5/commons-io-2.5.jar:/home/shavantha/.m2/repository/org/apache/commons/commons-lang3/3.5/commons-lang3-3.5.jar:/home/shavantha/.m2/repository/org/rauschig/jarchivelib/0.7.1/jarchivelib-0.7.1.jar:/home/shavantha/.m2/repository/org/apache/commons/commons-compress/1.9/commons-compress-1.9.jar:/home/shavantha/.m2/repository/org/jsoup/jsoup/1.10.2/jsoup-1.10.2.jar:/home/shavantha/.m2/repository/net/lightbody/bmp/browsermob-core/2.1.5/browsermob-core-2.1.5.jar:/home/shavantha/.m2/repository/net/lightbody/bmp/littleproxy/1.1.0-beta-bmp-17/littleproxy-1.1.0-beta-bmp-17.jar:/home/shavantha/.m2/repository/com/fasterxml/jackson/core/jackson-core/2.8.9/jackson-core-2.8.9.jar:/home/shavantha/.m2/repository/com/fasterxml/jackson/core/jackson-databind/2.8.9/jackson-databind-2.8.9.jar:/home/shavantha/.m2/repository/com/fasterxml/jackson/core/jackson-annotations/2.8.9/jackson-annotations-2.8.9.jar:/home/shavantha/.m2/repository/dnsjava/dnsjava/2.1.8/dnsjava-2.1.8.jar:/home/shavantha/.m2/repository/org/slf4j/jcl-over-slf4j/1.7.25/jcl-over-slf4j-1.7.25.jar:/home/shavantha/.m2/repository/com/jcraft/jzlib/1.1.3/jzlib-1.1.3.jar:/home/shavantha/.m2/repository/io/netty/netty-all/4.0.51.Final/netty-all-4.0.51.Final.jar:/home/shavantha/.m2/repository/org/bouncycastle/bcprov-jdk15on/1.58/bcprov-jdk15on-1.58.jar:/home/shavantha/.m2/repository/org/bouncycastle/bcpkix-jdk15on/1.58/bcpkix-jdk15on-1.58.jar:/home/shavantha/.m2/repository/net/lightbody/bmp/mitm/2.1.5/mitm-2.1.5.jar:/home/shavantha/.m2/repository/junit/junit/4.11/junit-4.11.jar:/home/shavantha/.m2/repository/org/hamcrest/hamcrest-core/1.3/hamcrest-core-1.3.jar:"/>
    <property name="java.vm.vendor" value="Oracle Corporation"/>
    <property name="sun.arch.data.model" value="64"/>
    <property name="java.vendor.url" value="http://java.oracle.com/"/>
    <property name="user.timezone" value=""/>
    <property name="java.vm.specification.version" value="1.8"/>
    <property name="os.name" value="Linux"/>
    <property name="user.country" value="US"/>
    <property name="sun.java.launcher" value="SUN_STANDARD"/>
    <property name="sun.boot.library.path" value="/home/shavantha/products/jdk1.8.0_131/jre/lib/amd64"/>
    <property name="sun.java.command" value="/home/shavantha/products/selenideTest/target/surefire/surefirebooter788913445014297135.jar /home/shavantha/products/selenideTest/target/surefire 2018-06-02T06-51-31_574-jvmRun1 surefire7318068387016242855tmp surefire_05177179566555433150tmp"/>
    <property name="surefire.test.class.path" value="/home/shavantha/products/selenideTest/target/test-classes:/home/shavantha/products/selenideTest/target/classes:/home/shavantha/.m2/repository/com/codeborne/selenide/4.12.0/selenide-4.12.0.jar:/home/shavantha/.m2/repository/org/seleniumhq/selenium/selenium-java/3.12.0/selenium-java-3.12.0.jar:/home/shavantha/.m2/repository/org/seleniumhq/selenium/selenium-api/3.12.0/selenium-api-3.12.0.jar:/home/shavantha/.m2/repository/org/seleniumhq/selenium/selenium-chrome-driver/3.12.0/selenium-chrome-driver-3.12.0.jar:/home/shavantha/.m2/repository/org/seleniumhq/selenium/selenium-edge-driver/3.12.0/selenium-edge-driver-3.12.0.jar:/home/shavantha/.m2/repository/org/seleniumhq/selenium/selenium-firefox-driver/3.12.0/selenium-firefox-driver-3.12.0.jar:/home/shavantha/.m2/repository/org/seleniumhq/selenium/selenium-ie-driver/3.12.0/selenium-ie-driver-3.12.0.jar:/home/shavantha/.m2/repository/org/seleniumhq/selenium/selenium-opera-driver/3.12.0/selenium-opera-driver-3.12.0.jar:/home/shavantha/.m2/repository/org/seleniumhq/selenium/selenium-remote-driver/3.12.0/selenium-remote-driver-3.12.0.jar:/home/shavantha/.m2/repository/org/seleniumhq/selenium/selenium-safari-driver/3.12.0/selenium-safari-driver-3.12.0.jar:/home/shavantha/.m2/repository/org/seleniumhq/selenium/selenium-support/3.12.0/selenium-support-3.12.0.jar:/home/shavantha/.m2/repository/net/bytebuddy/byte-buddy/1.8.3/byte-buddy-1.8.3.jar:/home/shavantha/.m2/repository/org/apache/commons/commons-exec/1.3/commons-exec-1.3.jar:/home/shavantha/.m2/repository/commons-codec/commons-codec/1.10/commons-codec-1.10.jar:/home/shavantha/.m2/repository/commons-logging/commons-logging/1.2/commons-logging-1.2.jar:/home/shavantha/.m2/repository/com/google/code/gson/gson/2.8.2/gson-2.8.2.jar:/home/shavantha/.m2/repository/com/google/guava/guava/23.6-jre/guava-23.6-jre.jar:/home/shavantha/.m2/repository/com/google/code/findbugs/jsr305/1.3.9/jsr305-1.3.9.jar:/home/shavantha/.m2/repository/org/checkerframework/checker-compat-qual/2.0.0/checker-compat-qual-2.0.0.jar:/home/shavantha/.m2/repository/com/google/errorprone/error_prone_annotations/2.1.3/error_prone_annotations-2.1.3.jar:/home/shavantha/.m2/repository/com/google/j2objc/j2objc-annotations/1.1/j2objc-annotations-1.1.jar:/home/shavantha/.m2/repository/org/codehaus/mojo/animal-sniffer-annotations/1.14/animal-sniffer-annotations-1.14.jar:/home/shavantha/.m2/repository/org/apache/httpcomponents/httpclient/4.5.3/httpclient-4.5.3.jar:/home/shavantha/.m2/repository/org/apache/httpcomponents/httpcore/4.4.6/httpcore-4.4.6.jar:/home/shavantha/.m2/repository/com/squareup/okhttp3/okhttp/3.9.1/okhttp-3.9.1.jar:/home/shavantha/.m2/repository/com/squareup/okio/okio/1.13.0/okio-1.13.0.jar:/home/shavantha/.m2/repository/io/github/bonigarcia/webdrivermanager/2.2.1/webdrivermanager-2.2.1.jar:/home/shavantha/.m2/repository/org/slf4j/slf4j-api/1.7.24/slf4j-api-1.7.24.jar:/home/shavantha/.m2/repository/commons-io/commons-io/2.5/commons-io-2.5.jar:/home/shavantha/.m2/repository/org/apache/commons/commons-lang3/3.5/commons-lang3-3.5.jar:/home/shavantha/.m2/repository/org/rauschig/jarchivelib/0.7.1/jarchivelib-0.7.1.jar:/home/shavantha/.m2/repository/org/apache/commons/commons-compress/1.9/commons-compress-1.9.jar:/home/shavantha/.m2/repository/org/jsoup/jsoup/1.10.2/jsoup-1.10.2.jar:/home/shavantha/.m2/repository/net/lightbody/bmp/browsermob-core/2.1.5/browsermob-core-2.1.5.jar:/home/shavantha/.m2/repository/net/lightbody/bmp/littleproxy/1.1.0-beta-bmp-17/littleproxy-1.1.0-beta-bmp-17.jar:/home/shavantha/.m2/repository/com/fasterxml/jackson/core/jackson-core/2.8.9/jackson-core-2.8.9.jar:/home/shavantha/.m2/repository/com/fasterxml/jackson/core/jackson-databind/2.8.9/jackson-databind-2.8.9.jar:/home/shavantha/.m2/repository/com/fasterxml/jackson/core/jackson-annotations/2.8.9/jackson-annotations-2.8.9.jar:/home/shavantha/.m2/repository/dnsjava/dnsjava/2.1.8/dnsjava-2.1.8.jar:/home/shavantha/.m2/repository/org/slf4j/jcl-over-slf4j/1.7.25/jcl-over-slf4j-1.7.25.jar:/home/shavantha/.m2/repository/com/jcraft/jzlib/1.1.3/jzlib-1.1.3.jar:/home/shavantha/.m2/repository/io/netty/netty-all/4.0.51.Final/netty-all-4.0.51.Final.jar:/home/shavantha/.m2/repository/org/bouncycastle/bcprov-jdk15on/1.58/bcprov-jdk15on-1.58.jar:/home/shavantha/.m2/repository/org/bouncycastle/bcpkix-jdk15on/1.58/bcpkix-jdk15on-1.58.jar:/home/shavantha/.m2/repository/net/lightbody/bmp/mitm/2.1.5/mitm-2.1.5.jar:/home/shavantha/.m2/repository/junit/junit/4.11/junit-4.11.jar:/home/shavantha/.m2/repository/org/hamcrest/hamcrest-core/1.3/hamcrest-core-1.3.jar:"/>
    <property name="sun.cpu.endian" value="little"/>
    <property name="user.home" value="/home/shavantha"/>
    <property name="user.language" value="en"/>
    <property name="java.specification.vendor" value="Oracle Corporation"/>
    <property name="java.home" value="/home/shavantha/products/jdk1.8.0_131/jre"/>
    <property name="basedir" value="/home/shavantha/products/selenideTest"/>
    <property name="file.separator" value="/"/>
    <property name="line.separator" value="&#10;"/>
    <property name="java.vm.specification.vendor" value="Oracle Corporation"/>
    <property name="java.specification.name" value="Java Platform API Specification"/>
    <property name="java.awt.graphicsenv" value="sun.awt.X11GraphicsEnvironment"/>
    <property name="surefire.real.class.path" value="/home/shavantha/products/selenideTest/target/surefire/surefirebooter788913445014297135.jar"/>
    <property name="sun.boot.class.path" value="/home/shavantha/products/jdk1.8.0_131/jre/lib/resources.jar:/home/shavantha/products/jdk1.8.0_131/jre/lib/rt.jar:/home/shavantha/products/jdk1.8.0_131/jre/lib/sunrsasign.jar:/home/shavantha/products/jdk1.8.0_131/jre/lib/jsse.jar:/home/shavantha/products/jdk1.8.0_131/jre/lib/jce.jar:/home/shavantha/products/jdk1.8.0_131/jre/lib/charsets.jar:/home/shavantha/products/jdk1.8.0_131/jre/lib/jfr.jar:/home/shavantha/products/jdk1.8.0_131/jre/classes"/>
    <property name="sun.management.compiler" value="HotSpot 64-Bit Tiered Compilers"/>
    <property name="java.runtime.version" value="1.8.0_131-b11"/>
    <property name="user.name" value="shavantha"/>
    <property name="path.separator" value=":"/>
    <property name="os.version" value="4.15.0-22-generic"/>
    <property name="java.endorsed.dirs" value="/home/shavantha/products/jdk1.8.0_131/jre/lib/endorsed"/>
    <property name="java.runtime.name" value="Java(TM) SE Runtime Environment"/>
    <property name="file.encoding" value="UTF-8"/>
    <property name="java.vm.name" value="Java HotSpot(TM) 64-Bit Server VM"/>
    <property name="localRepository" value="/home/shavantha/.m2/repository"/>
    <property name="java.vendor.url.bug" value="http://bugreport.sun.com/bugreport/"/>
    <property name="java.io.tmpdir" value="/tmp"/>
    <property name="java.version" value="1.8.0_131"/>
    <property name="user.dir" value="/home/shavantha/products/selenideTest"/>
    <property name="os.arch" value="amd64"/>
    <property name="java.vm.specification.name" value="Java Virtual Machine Specification"/>
    <property name="java.awt.printerjob" value="sun.print.PSPrinterJob"/>
    <property name="sun.os.patch.level" value="unknown"/>
    <property name="java.library.path" value="/usr/java/packages/lib/amd64:/usr/lib64:/lib64:/lib:/usr/lib"/>
    <property name="java.vm.info" value="mixed mode"/>
    <property name="java.vendor" value="Oracle Corporation"/>
    <property name="java.vm.version" value="25.131-b11"/>
    <property name="java.ext.dirs" value="/home/shavantha/products/jdk1.8.0_131/jre/lib/ext:/usr/java/packages/lib/ext"/>
    <property name="sun.io.unicode.encoding" value="UnicodeLittle"/>
    <property name="java.class.version" value="52.0"/>
  </properties>
  <testcase name="userCanLoginByUsername" classname="com.selenide.AppTest" time="17.203"/>
</testsuite>